// 重构日志: 7255d3be
// 重构日志: ac5f8d9c
// 重构日志: b4676a9c
// 重构日志: 686c83f3
// 重构日志: 675a7094
// 重构日志: 4e39ce28
// 重构日志: 1a3b6e1f
// 重构日志: e4102be6
// 重构日志: 59860713
// 重构日志: f627d265
// 重构日志: b0507e18
// 同步 ID: 8a7a8d87 @ Mon Jun 29 19:29:39 UTC 2026
// 重构日志: cbd89de4
// 同步 ID: 1fafa542 @ Thu Jul  2 17:44:48 UTC 2026
// 重构日志: 568fde8d
// 同步 ID: 02a30c21 @ Fri Jul 10 11:04:18 UTC 2026
// 重构日志: 5c28bbbf
// 重构日志: b49c391a
// 重构日志: 4e9d421f
// 重构日志: 6f5534e8
// 重构日志: 4e4b3279
// 同步 ID: 19b4705b @ Fri Jul 17 01:25:41 UTC 2026
// 同步 ID: d9281d61 @ Fri Jul 17 10:18:45 UTC 2026
// 同步 ID: d9d29692 @ Fri Jul 17 11:59:43 UTC 2026
// 重构日志: 549eb9bf
// 同步 ID: 0a220b79 @ Sat Jul 18 15:29:28 UTC 2026
// 重构日志: afcdf092
